  Time.cpp
C:\Users\Admin\Desktop\Studies\Prog\HW_2\Lab_1\Lab_1\Time.h(41,1): error C2440: static_cast: невозможно преобразовать "int" в "std::string"
C:\Users\Admin\Desktop\Studies\Prog\HW_2\Lab_1\Lab_1\Time.h(41,1): message : Ни один конструктор не смог принять исходный тип, либо разрешение перегрузки конструктора неоднозначно
C:\Users\Admin\Desktop\Studies\Prog\HW_2\Lab_1\Lab_1\Time.h(42,1): error C2440: static_cast: невозможно преобразовать "int" в "std::string"
C:\Users\Admin\Desktop\Studies\Prog\HW_2\Lab_1\Lab_1\Time.h(42,1): message : Ни один конструктор не смог принять исходный тип, либо разрешение перегрузки конструктора неоднозначно
C:\Users\Admin\Desktop\Studies\Prog\HW_2\Lab_1\Lab_1\Time.h(43,1): error C2440: static_cast: невозможно преобразовать "int" в "std::string"
C:\Users\Admin\Desktop\Studies\Prog\HW_2\Lab_1\Lab_1\Time.h(43,1): message : Ни один конструктор не смог принять исходный тип, либо разрешение перегрузки конструктора неоднозначно
C:\Users\Admin\Desktop\Studies\Prog\HW_2\Lab_1\Lab_1\Time.h(60,1): error C2801: "operator =" не должен быть статическим членом
C:\Users\Admin\Desktop\Studies\Prog\HW_2\Lab_1\Lab_1\Time.h(61,6): error C2355: "this": может указываться только в нестатических членах-функциях или инициализаторах нестатических членов данных
C:\Users\Admin\Desktop\Studies\Prog\HW_2\Lab_1\Lab_1\Time.h(63,3): error C2065: hour: необъявленный идентификатор
C:\Users\Admin\Desktop\Studies\Prog\HW_2\Lab_1\Lab_1\Time.h(63,12): error C2248: Time::hour: невозможно обратиться к private член, объявленному в классе "Time"
C:\Users\Admin\Desktop\Studies\Prog\HW_2\Lab_1\Lab_1\Time.h(23): message : см. объявление "Time::hour"
C:\Users\Admin\Desktop\Studies\Prog\HW_2\Lab_1\Lab_1\Time.h(20): message : см. объявление "Time"
C:\Users\Admin\Desktop\Studies\Prog\HW_2\Lab_1\Lab_1\Time.h(64,3): error C2065: min: необъявленный идентификатор
C:\Users\Admin\Desktop\Studies\Prog\HW_2\Lab_1\Lab_1\Time.h(64,11): error C2248: Time::min: невозможно обратиться к private член, объявленному в классе "Time"
C:\Users\Admin\Desktop\Studies\Prog\HW_2\Lab_1\Lab_1\Time.h(23): message : см. объявление "Time::min"
C:\Users\Admin\Desktop\Studies\Prog\HW_2\Lab_1\Lab_1\Time.h(20): message : см. объявление "Time"
C:\Users\Admin\Desktop\Studies\Prog\HW_2\Lab_1\Lab_1\Time.h(65,3): error C2065: sec: необъявленный идентификатор
C:\Users\Admin\Desktop\Studies\Prog\HW_2\Lab_1\Lab_1\Time.h(65,11): error C2248: Time::sec: невозможно обратиться к private член, объявленному в классе "Time"
C:\Users\Admin\Desktop\Studies\Prog\HW_2\Lab_1\Lab_1\Time.h(23): message : см. объявление "Time::sec"
C:\Users\Admin\Desktop\Studies\Prog\HW_2\Lab_1\Lab_1\Time.h(20): message : см. объявление "Time"
  Timer.cpp
  Создание кода...
